[2025.03.17-07.47.20:258][  0]Log file open, 03/17/25 02:47:20
[2025.03.17-07.47.20:258][  0]LogInit:Display: Running engine for game: RealisticRendering
[2025.03.17-07.47.20:258][  0]LogInit:Display: RandInit(-228519975) SRandInit(-228519974).
[2025.03.17-07.47.20:258][  0]LogTaskGraph: Started task graph with 4 named threads and 8 total threads.
[2025.03.17-07.47.20:258][  0]LogStats: Stats thread started at 0.096886
[2025.03.17-07.47.20:258][  0]LogInit: Version: 4.9.2-2707645+++depot+UE4-Releases+4.9
[2025.03.17-07.47.20:258][  0]LogInit: API Version: 2672455
[2025.03.17-07.47.20:258][  0]LogInit: Compiled (64-bit): Sep 28 2015 10:25:44
[2025.03.17-07.47.20:258][  0]LogInit: Compiled with Visual C++: 18.00.21005.01
[2025.03.17-07.47.20:258][  0]LogInit: Build Configuration: Development
[2025.03.17-07.47.20:258][  0]LogInit: Branch Name: ++depot+UE4-Releases+4.9
[2025.03.17-07.47.20:258][  0]LogInit: Command line:  
[2025.03.17-07.47.20:258][  0]LogInit: Base directory: C:/Program Files/Epic Games/UE_4.9/Engine/Binaries/Win64/
[2025.03.17-07.47.20:258][  0]LogInit: Rocket: 1
[2025.03.17-07.47.20:263][  0]LogInit: Using libcurl 7.41.0
[2025.03.17-07.47.20:263][  0]LogInit:  - built for x86_64-pc-win32
[2025.03.17-07.47.20:263][  0]LogInit:  - supports SSL with WinSSL
[2025.03.17-07.47.20:263][  0]LogInit:  - other features:
[2025.03.17-07.47.20:263][  0]LogInit:      CURL_VERSION_SSL
[2025.03.17-07.47.20:263][  0]LogInit:      CURL_VERSION_IPV6
[2025.03.17-07.47.20:263][  0]LogInit:      CURL_VERSION_ASYNCHDNS
[2025.03.17-07.47.20:263][  0]LogInit:      CURL_VERSION_LARGEFILE
[2025.03.17-07.47.20:263][  0]LogInit:      CURL_VERSION_IDN
[2025.03.17-07.47.20:263][  0]LogInit:  CurlRequestOptions (configurable via config and command line):
[2025.03.17-07.47.20:263][  0]LogInit:  - bVerifyPeer = true  - Libcurl will verify peer certificate
[2025.03.17-07.47.20:263][  0]LogInit:  - bUseHttpProxy = false  - Libcurl will NOT use HTTP proxy
[2025.03.17-07.47.20:263][  0]LogInit:  - bDontReuseConnections = false  - Libcurl will reuse connections
[2025.03.17-07.47.20:263][  0]LogInit:  - CertBundlePath = nullptr  - Libcurl will use whatever was configured at build time.
[2025.03.17-07.47.20:267][  0]LogInit: Presizing for 0 objects not considered by GC, pre-allocating 0 bytes.
[2025.03.17-07.47.20:270][  0]LogInit: Object subsystem initialized
[2025.03.17-07.47.20:271][  0]LogConsoleManager:Warning: Console variable 'r.MSAA.CompositingSampleCount' wasn't set ('Scalability' has a lower priority than 'ProjectSetting')
[2025.03.17-07.47.20:271][  0]LogInit: Selected Device Profile: [Windows]
[2025.03.17-07.47.20:271][  0]LogInit: Applying CVar settings loaded from the selected device profile: [Windows]
[2025.03.17-07.47.20:274][  0]LogInit: Computer: HCELAB
[2025.03.17-07.47.20:274][  0]LogInit: User: HCELab
[2025.03.17-07.47.20:274][  0]LogInit: CPU Page size=4096, Cores=24
[2025.03.17-07.47.20:274][  0]LogInit: High frequency timer resolution =10.000000 MHz
[2025.03.17-07.47.20:274][  0]LogMemory: Memory total: Physical=63.8GB (64GB approx)
[2025.03.17-07.47.20:274][  0]LogMemory: Platform Memory Stats for Windows
[2025.03.17-07.47.20:274][  0]LogMemory: Process Physical Memory: 60.73 MB used, 60.73 MB peak
[2025.03.17-07.47.20:274][  0]LogMemory: Process Virtual Memory: 58.30 MB used, 58.30 MB peak
[2025.03.17-07.47.20:274][  0]LogMemory: Physical Memory: 47389.75 MB used, 65371.28 MB total
[2025.03.17-07.47.20:274][  0]LogMemory: Virtual Memory: 4501.26 MB used, 134217728.00 MB total
[2025.03.17-07.47.20:319][  0]LogTextLocalizationManager: No specific translations for ('en-US') exist, so ('en') translations will be used.
[2025.03.17-07.47.20:748][  0]LogD3D11RHI: Found D3D11 adapter 0: NVIDIA GeForce RTX 4090 (Feature Level 11_0)
[2025.03.17-07.47.20:748][  0]LogD3D11RHI: Adapter has 24142MB of dedicated video memory, 0MB of dedicated system memory, and 32685MB of shared system memory, 2 output[s]
[2025.03.17-07.47.20:838][  0]LogD3D11RHI: Found D3D11 adapter 1: NVIDIA GeForce RTX 4090 (Feature Level 11_0)
[2025.03.17-07.47.20:838][  0]LogD3D11RHI: Adapter has 24142MB of dedicated video memory, 0MB of dedicated system memory, and 32685MB of shared system memory, 0 output[s]
[2025.03.17-07.47.20:840][  0]LogD3D11RHI: Found D3D11 adapter 2: Microsoft Basic Render Driver (Feature Level 11_0)
[2025.03.17-07.47.20:840][  0]LogD3D11RHI: Adapter has 0MB of dedicated video memory, 0MB of dedicated system memory, and 32685MB of shared system memory, 0 output[s]
[2025.03.17-07.47.20:840][  0]LogD3D11RHI: Chosen D3D11 Adapter Id = 0
[2025.03.17-07.47.20:859][  0]LogD3D11RHI: !Direct3DDevice
[2025.03.17-07.47.20:859][  0]LogRHI: Texture pool is 1361 MB (70% of 1945 MB)
[2025.03.17-07.47.20:935][  0]LogD3D11RHI: Async texture creation enabled
[2025.03.17-07.47.20:946][  0]LogShaderCompilers: Guid format shader working directory is 13 characters bigger than the processId version (../../../../../../Users/bawan/Documents/Unreal Projects/RealisticRendering/Intermediate/Shaders/WorkingDirectory/140224/).
[2025.03.17-07.47.20:946][  0]LogShaderCompilers: Cleaned the shader compiler working directory '../../../../../../Users/bawan/Documents/Unreal Projects/RealisticRendering/Intermediate/Shaders/tmp/730E0A984E47D55F02FF1D905A86DB54/'.
[2025.03.17-07.47.20:946][  0]LogShaderCompilers:Display: Using Local Shader Compiler.
[2025.03.17-07.47.21:438][  0]LogTemp:Display: Loaded TP AllDesktopTargetPlatform
[2025.03.17-07.47.21:440][  0]LogTemp:Display: Loaded TP WindowsClientTargetPlatform
[2025.03.17-07.47.21:443][  0]LogTemp:Display: Loaded TP WindowsNoEditorTargetPlatform
[2025.03.17-07.47.21:445][  0]LogTemp:Display: Loaded TP WindowsServerTargetPlatform
[2025.03.17-07.47.21:448][  0]LogTemp:Display: Loaded TP WindowsTargetPlatform
[2025.03.17-07.47.21:450][  0]LogTemp:Display: Loaded TP AndroidTargetPlatform
[2025.03.17-07.47.21:451][  0]LogTemp:Display: Loaded TP Android_ASTCTargetPlatform
[2025.03.17-07.47.21:453][  0]LogTemp:Display: Loaded TP Android_ATCTargetPlatform
[2025.03.17-07.47.21:455][  0]LogTemp:Display: Loaded TP Android_DXTTargetPlatform
[2025.03.17-07.47.21:457][  0]LogTemp:Display: Loaded TP Android_ETC1TargetPlatform
[2025.03.17-07.47.21:458][  0]LogTemp:Display: Loaded TP Android_ETC2TargetPlatform
[2025.03.17-07.47.21:460][  0]LogTemp:Display: Loaded TP Android_PVRTCTargetPlatform
[2025.03.17-07.47.21:461][  0]LogTemp:Display: Loaded TP HTML5TargetPlatform
[2025.03.17-07.47.21:475][  0]LogTemp:Display: Loaded TP IOSTargetPlatform
[2025.03.17-07.47.21:476][  0]LogTemp:Display: Loaded TP LinuxNoEditorTargetPlatform
[2025.03.17-07.47.21:478][  0]LogTemp:Display: Loaded TP LinuxServerTargetPlatform
[2025.03.17-07.47.21:483][  0]LogTemp:Display: Loaded TP LinuxTargetPlatform
[2025.03.17-07.47.21:483][  0]LogTargetPlatformManager:Display: Building Assets For Windows
[2025.03.17-07.47.21:530][  0]LogDerivedDataCache:Display: Max Cache Size: 512 MB
[2025.03.17-07.47.21:555][  0]LogDerivedDataCache: Loaded boot cache 0.03s 41MB C:/Users/bawan/AppData/Local/UnrealEngine/4.9/DerivedDataCache/Boot.ddc.
[2025.03.17-07.47.21:555][  0]LogDerivedDataCache:Display: Loaded Boot cache: C:/Users/bawan/AppData/Local/UnrealEngine/4.9/DerivedDataCache/Boot.ddc
[2025.03.17-07.47.21:555][  0]LogDerivedDataCache: FDerivedDataBackendGraph:  Pak pak cache file ../../../../../../Users/bawan/Documents/Unreal Projects/RealisticRendering/DerivedDataCache/DDC.ddp not found, will not use a pak cache.
[2025.03.17-07.47.21:555][  0]LogDerivedDataCache: Unable to find inner node Pak for hierarchical cache Hierarchy.
[2025.03.17-07.47.21:568][  0]LogDerivedDataCache:Display: Pak cache opened for reading ../../../../../../Users/bawan/Documents/Unreal Projects/RealisticRendering/DerivedDataCache/Compressed.ddp.
[2025.03.17-07.47.21:628][  0]LogDerivedDataCache:Display: Pak cache opened for reading ../../../Engine/DerivedDataCache/Compressed.ddp.
[2025.03.17-07.47.21:639][  0]LogDerivedDataCache: Using Local data cache path C:/Users/bawan/AppData/Local/UnrealEngine/Common/DerivedDataCache: Writable
[2025.03.17-07.47.21:719][  0]LogInit: Selected Device Profile: [Windows]
[2025.03.17-07.47.21:721][  0]LogContentStreaming: Texture pool size is 0.000000MB
[2025.03.17-07.47.21:778][  0]LogMeshUtilities: No automatic mesh reduction module available
[2025.03.17-07.47.21:778][  0]LogMeshUtilities: No automatic mesh merging module available
[2025.03.17-07.47.21:896][  0]LogInit: WinSock: version 1.1 (2.2), MaxSocks=32767, MaxUdp=65467
[2025.03.17-07.47.22:246][  0]UdpMessaging: Initializing bridge on interface 0.0.0.0:0 to multicast group 230.0.0.1:6666.
[2025.03.17-07.47.22:327][  0]LogAssetRegistry: FAssetRegistry took 0.0104 seconds to start up
[2025.03.17-07.47.22:408][  0]SourceControl: Info Source control is disabled
[2025.03.17-07.47.22:408][  0]SourceControl: Info Source control is disabled
[2025.03.17-07.47.22:414][  0]SourceControl: Info Source control is disabled
[2025.03.17-07.47.22:420][  0]SourceControl: Info Source control is disabled
[2025.03.17-07.47.22:496][  0]LogLinker:Warning: Asset '../../../Engine/Plugins/Runtime/LeapMotionController/Content/LM_PassthroughMaterial.uasset' has been saved with empty engine version. The asset will be loaded but may be incompatible.
[2025.03.17-07.47.22:543][  0]LogObj: 28361 objects as part of root set at end of initial load.
[2025.03.17-07.47.22:543][  0]LogUObjectAllocator: 6038872 out of 0 bytes used by permanent object pool.
[2025.03.17-07.47.22:573][  0]LogEngine: Initializing Engine...
[2025.03.17-07.47.22:576][  0]LogHMD: Can't find Oculus library dev build: is proper Runtime installed? Version: 0.7.0.0
[2025.03.17-07.47.22:687][  0]LogHMD: SteamVR failed to initialize.  Err: 108
[2025.03.17-07.47.22:736][  0]LogAIModule: Creating AISystem for world NewWorld
[2025.03.17-07.47.22:748][  0]LogInit: XAudio2 using 'Realtek HD Audio 2nd output (Realtek(R) Audio)' : 2 channels at 48 kHz using 32 bits per sample (channel mask 0x3)
[2025.03.17-07.47.22:760][  0]LogInit: FAudioDevice initialized.
[2025.03.17-07.47.22:774][  0]LogDerivedDataCache: Saved boot cache 0.01s 41MB C:/Users/bawan/AppData/Local/UnrealEngine/4.9/DerivedDataCache/Boot.ddc.
[2025.03.17-07.47.22:777][  0]LogInit: Texture streaming: Enabled
[2025.03.17-07.47.22:780][  0]LogAnalytics: Creating configured Analytics provider AnalyticsET
[2025.03.17-07.47.22:780][  0]LogAnalytics: [UEEditor.Rocket.Release] APIServer = http://et2.epicgames.com/ET2/. AppVersion = 4.9.2-2707645+++depot+UE4-Releases+4.9
[2025.03.17-07.47.22:780][  0]LogAnalytics: [UEEditor.Rocket.Release] SetUserId 05d6be0b4fdf49ba071d0583e24a65ca|2e4085c8198d48d3960922de78be0d99|cd9a1934-4d2c-49b7-b838-6f52a409d0d5
[2025.03.17-07.47.22:780][  0]LogAnalytics: [UEEditor.Rocket.Release] AnalyticsET::StartSession
[2025.03.17-07.47.22:855][  0]LogInit: Transaction tracking system initialized
[2025.03.17-07.47.22:870][  0]BlueprintLog: New page: Editor Load
[2025.03.17-07.47.22:910][  0]LocalizationService: Info Localization service is disabled
[2025.03.17-07.47.22:951][  0]LogConsoleResponse:Display: 
[2025.03.17-07.47.23:004][  0]LogCook:Display: Done creating registry. It took  0.00s.
[2025.03.17-07.47.23:033][  0]LogFileCache: Scanning file cache for directory 'C:/Users/bawan/Documents/Unreal Projects/RealisticRendering/Content/' took 0.01s
[2025.03.17-07.47.23:033][  0]SourceControl: Info Source control is disabled
[2025.03.17-07.47.23:033][  0]Cmd: MAP LOAD FILE="../../../../../../Users/bawan/Documents/Unreal Projects/RealisticRendering/Content/Maps/Room.umap" TEMPLATE=0 SHOWPROGRESS=1 FEATURELEVEL=3
[2025.03.17-07.47.23:033][  0]LightingResults: New page: Lighting Build
[2025.03.17-07.47.23:035][  0]MapCheck: New page: Map Check
[2025.03.17-07.47.23:035][  0]LightingResults: New page: Lighting Build
[2025.03.17-07.47.23:039][  0]LogParticles: Destroying 0 GPU particle simulations for FXSystem 0x0000028FEB206160
[2025.03.17-07.47.23:039][  0]LogLinker:Warning: Asset '../../../../../../Users/bawan/Documents/Unreal Projects/RealisticRendering/Content/Maps/Room.umap' has been saved with empty engine version. The asset will be loaded but may be incompatible.
[2025.03.17-07.47.23:375][  0]LogAIModule: Creating AISystem for world Room
[2025.03.17-07.47.23:380][  0]LogEditorServer: Finished looking for orphan Actors (0.000 secs)
[2025.03.17-07.47.23:486][  0]Cmd: MAP CHECKDEP NOCLEARLOG
[2025.03.17-07.47.23:521][  0]MapCheck: Info Map check complete: 0 Error(s), 0 Warning(s), took 35.278ms to complete.
[2025.03.17-07.47.23:521][  0]LogFileHelpers: Loading map 'Room' took 0.489
[2025.03.17-07.47.23:598][  0]LogWindowsTextInputMethodSystem:Display: IME system now activated using TSF (Microsoft IME).
[2025.03.17-07.47.23:624][  0]LogCollectionManager: Loaded 0 collections in 0.001252 seconds
[2025.03.17-07.47.23:661][  0]LogFileCache: Scanning file cache for directory 'C:/Users/bawan/Documents/Unreal Projects/RealisticRendering/Saved/Collections/' took 0.01s
[2025.03.17-07.47.23:661][  0]LogFileCache: Scanning file cache for directory 'C:/Users/bawan/Documents/Unreal Projects/RealisticRendering/Content/Developers/HCELab/Collections/' took 0.01s
[2025.03.17-07.47.23:661][  0]LogFileCache: Scanning file cache for directory 'C:/Users/bawan/Documents/Unreal Projects/RealisticRendering/Content/Collections/' took 0.01s
[2025.03.17-07.47.23:661][  0]LogContentBrowser: Native class hierarchy populated in 0.0031 seconds. Added 1867 classes and 333 folders.
[2025.03.17-07.47.23:664][  0]LogCollectionManager: Rebuilt the GUID cache for 0 collections in 0.000002 seconds
[2025.03.17-07.47.23:667][  0]LogContentBrowser: Native class hierarchy updated for 'WidgetCarousel' in 0.0001 seconds. Added 0 classes and 0 folders.
[2025.03.17-07.47.23:688][  0]LogContentBrowser: Native class hierarchy updated for 'AddContentDialog' in 0.0002 seconds. Added 0 classes and 0 folders.
[2025.03.17-07.47.23:690][  0]LogContentBrowser: Native class hierarchy updated for 'SceneOutliner' in 0.0001 seconds. Added 1 classes and 2 folders.
[2025.03.17-07.47.23:703][  0]LogCrashTracker: Crashtracker disabled due to settings.
[2025.03.17-07.47.23:744][  0]LogLoad: Full Startup: 4.03 seconds (BP compile: 0.02 seconds)
[2025.03.17-07.47.23:779][  0]LogContentStreaming: Texture pool size now 1000 MB
[2025.03.17-07.47.23:843][  0]LogRenderer: Reallocating scene render targets to support 1288x616 (Frame:2).
[2025.03.17-07.47.23:892][  1]LogAssetRegistry: Asset discovery search completed in 1.5764 seconds
[2025.03.17-07.47.23:892][  1]LogCollectionManager: Rebuilt the object cache for 0 collections in 0.000000 seconds (found 0 objects)
[2025.03.17-07.47.23:892][  1]LogCollectionManager: Fixed up redirectors for 0 collections in 0.000014 seconds (updated 0 objects)
[2025.03.17-08.08.51:192][ 42]LogMetaData: Removing '/Game/UI/Widget_MyControls.SKEL_Widget_MyControls_C' ref from Metadata '/Game/UI/UI.PackageMetaData'
[2025.03.17-08.08.51:192][ 42]LogMetaData: Removing '/Game/UI/Widget_MyControls.Widget_MyControls_C' ref from Metadata '/Game/UI/UI.PackageMetaData'
[2025.03.17-08.08.51:192][ 42]LogMetaData: Removing '/Game/UI/Widget_MyControls.Widget_MyControls:EventGraph.K2Node_Event_6' ref from Metadata '/Game/UI/UI.PackageMetaData'
[2025.03.17-08.08.51:192][ 42]LogMetaData: Removing '/Game/UI/Widget_MyControls.Widget_MyControls:EventGraph.K2Node_Event_7' ref from Metadata '/Game/UI/UI.PackageMetaData'
[2025.03.17-08.08.51:205][ 42]Cmd: OBJ SAVEPACKAGE PACKAGE="/Game/UI/Widget_MyControls" FILE="../../../../../../Users/bawan/Documents/Unreal Projects/RealisticRendering/Content/UI/Widget_MyControls.uasset" SILENT=true
[2025.03.17-08.08.51:209][ 42]LogSavePackage: Save=3.292500ms
[2025.03.17-08.08.51:209][ 42]LogSavePackage: Moving '../../../../../../Users/bawan/Documents/Unreal Projects/RealisticRendering/Saved/Widget_MyControlsCCDE7BA54695F6B08A66A682C1660A5A.tmp' to '../../../../../../Users/bawan/Documents/Unreal Projects/RealisticRendering/Content/UI/Widget_MyControls.uasset'
[2025.03.17-08.08.51:211][ 42]LogSavePackage: Total save time: 4.835103ms
[2025.03.17-08.08.51:211][ 42]LogSavePackage:Warning: Finished SavePackage ../../../../../../Users/bawan/Documents/Unreal Projects/RealisticRendering/Content/UI/Widget_MyControls.uasset
[2025.03.17-08.08.52:086][139]LogLinker:Warning: Asset '../../../Engine/Content/ArtTools/RenderToTexture/Macros/RenderToTextureMacros.uasset' has been saved with empty engine version. The asset will be loaded but may be incompatible.
[2025.03.17-08.08.52:301][139]LogContentBrowser: Native class hierarchy updated for 'BlueprintGraph' in 0.0004 seconds. Added 107 classes and 0 folders.
[2025.03.17-08.09.24:223][390]LogFileHelpers: Editor autosave (incl. sublevels) for '/Game/Maps/Room' took 0.009
[2025.03.17-08.09.24:225][390]Cmd: OBJ SAVEPACKAGE PACKAGE="/Game/UI/UI" FILE="../../../../../../Users/bawan/Documents/Unreal Projects/RealisticRendering/Saved/Autosaves/Game/UI/UI_Auto1.uasset" SILENT=false AUTOSAVING=true
[2025.03.17-08.09.24:226][390]LogSavePackage: Save=0.804100ms
[2025.03.17-08.09.24:226][390]LogSavePackage: Moving '../../../../../../Users/bawan/Documents/Unreal Projects/RealisticRendering/Saved/UI_Auto1B4A7F06E45C129FEF6F5AB8A4F8ABCCB.tmp' to '../../../../../../Users/bawan/Documents/Unreal Projects/RealisticRendering/Saved/Autosaves/Game/UI/UI_Auto1.uasset'
[2025.03.17-08.09.24:227][390]LogSavePackage: Total save time: 1.531400ms
[2025.03.17-08.09.24:227][390]LogSavePackage:Warning: Finished SavePackage ../../../../../../Users/bawan/Documents/Unreal Projects/RealisticRendering/Saved/Autosaves/Game/UI/UI_Auto1.uasset
[2025.03.17-08.09.24:227][390]LogFileHelpers: Auto-saving content packages took 0.004
[2025.03.17-08.17.37:209][118]LogDirectoryWatcher:Warning: Failed to begin reading directory changes for ../../../../../../Users/bawan/Documents/Unreal Projects/RealisticRendering/Plugins/. Error: 0
[2025.03.17-08.28.32:590][135]LogParticles: Destroying 0 GPU particle simulations for FXSystem 0x0000028FDAC0ECA0
[2025.03.17-08.28.32:591][135]LogParticles: Destroying 0 GPU particle simulations for FXSystem 0x0000028FDAC0F1A0
[2025.03.17-08.28.33:908][135]Cmd: OBJ SAVEPACKAGE PACKAGE="/Game/UI/UI" FILE="../../../../../../Users/bawan/Documents/Unreal Projects/RealisticRendering/Content/UI/UI.uasset" SILENT=true
[2025.03.17-08.28.33:910][135]LogSavePackage: Save=0.762000ms
[2025.03.17-08.28.33:910][135]LogSavePackage: Moving '../../../../../../Users/bawan/Documents/Unreal Projects/RealisticRendering/Saved/UICA7E21EC48C3ECF09C8CBE929589965A.tmp' to '../../../../../../Users/bawan/Documents/Unreal Projects/RealisticRendering/Content/UI/UI.uasset'
[2025.03.17-08.28.33:911][135]LogSavePackage: Total save time: 2.333298ms
[2025.03.17-08.28.33:911][135]LogSavePackage:Warning: Finished SavePackage ../../../../../../Users/bawan/Documents/Unreal Projects/RealisticRendering/Content/UI/UI.uasset
[2025.03.17-08.28.33:946][135]LogWindowsTextInputMethodSystem:Display: IME system now activated using TSF (Microsoft IME).
[2025.03.17-08.28.34:111][136]Cmd: QUIT_EDITOR
[2025.03.17-08.28.34:228][136]LogExit: Preparing to exit.
[2025.03.17-08.28.34:816][136]LogExit: Editor shut down
[2025.03.17-08.28.34:817][136]LogExit: Transaction tracking system shut down
[2025.03.17-08.28.34:819][136]LogParticles: Destroying 0 GPU particle simulations for FXSystem 0x0000028FF1A03420
[2025.03.17-08.28.34:819][136]LogParticles: Destroying 0 GPU particle simulations for FXSystem 0x0000028FFB8B3880
[2025.03.17-08.28.34:820][136]LogParticles: Destroying 0 GPU particle simulations for FXSystem 0x0000028FABD59B20
[2025.03.17-08.28.34:901][136]LogExit: Object subsystem successfully closed.
[2025.03.17-08.28.34:921][136]LogD3D11RHI: Shutdown
[2025.03.17-08.28.34:921][136]LogD3D11RHI: CleanupD3DDevice
[2025.03.17-08.28.34:962][136]LogD3D11RHI: ~FD3D11DynamicRHI
[2025.03.17-08.28.34:975][136]LogModuleManager: Shutting down and abandoning module SequencerWidgets (199)
[2025.03.17-08.28.34:975][136]LogModuleManager: Shutting down and abandoning module BlueprintGraph (198)
[2025.03.17-08.28.34:975][136]LogModuleManager: Shutting down and abandoning module CrashTracker (197)
[2025.03.17-08.28.34:975][136]LogModuleManager: Shutting down and abandoning module SceneOutliner (196)
[2025.03.17-08.28.34:975][136]LogModuleManager: Shutting down and abandoning module SuperSearch (195)
[2025.03.17-08.28.34:975][136]LogModuleManager: Shutting down and abandoning module WidgetCarousel (194)
[2025.03.17-08.28.34:975][136]LogModuleManager: Shutting down and abandoning module AddContentDialog (193)
[2025.03.17-08.28.34:977][136]LogModuleManager: Shutting down and abandoning module EditorWidgets (192)
[2025.03.17-08.28.34:977][136]LogModuleManager: Shutting down and abandoning module CollectionManager (191)
[2025.03.17-08.28.34:977][136]LogModuleManager: Shutting down and abandoning module StatsViewer (190)
[2025.03.17-08.28.34:977][136]LogModuleManager: Shutting down and abandoning module FoliageEdit (189)
[2025.03.17-08.28.34:977][136]LogModuleManager: Shutting down and abandoning module LandscapeEditor (188)
[2025.03.17-08.28.34:977][136]LogModuleManager: Shutting down and abandoning module ActorPickerMode (187)
[2025.03.17-08.28.34:977][136]LogModuleManager: Shutting down and abandoning module GeometryMode (186)
[2025.03.17-08.28.34:977][136]LogModuleManager: Shutting down and abandoning module TextureAlignMode (185)
[2025.03.17-08.28.34:977][136]LogModuleManager: Shutting down and abandoning module BspMode (184)
[2025.03.17-08.28.34:977][136]LogModuleManager: Shutting down and abandoning module PlacementMode (183)
[2025.03.17-08.28.34:977][136]LogModuleManager: Shutting down and abandoning module AutomationWorker (182)
[2025.03.17-08.28.34:977][136]LogModuleManager: Shutting down and abandoning module CharacterAI (181)
[2025.03.17-08.28.34:977][136]LogModuleManager: Shutting down and abandoning module SmartSnapping (180)
[2025.03.17-08.28.34:977][136]LogModuleManager: Shutting down and abandoning module ViewportSnapping (179)
[2025.03.17-08.28.34:977][136]LogModuleManager: Shutting down and abandoning module LogVisualizer (178)
[2025.03.17-08.28.34:977][136]LogModuleManager: Shutting down and abandoning module GameProjectGeneration (177)
[2025.03.17-08.28.34:977][136]LogModuleManager: Shutting down and abandoning module IntroTutorials (176)
[2025.03.17-08.28.34:977][136]LogModuleManager: Shutting down and abandoning module EditorLiveStreaming (175)
[2025.03.17-08.28.34:977][136]LogModuleManager: Shutting down and abandoning module IOSPlatformEditor (174)
[2025.03.17-08.28.34:977][136]LogModuleManager: Shutting down and abandoning module HTML5PlatformEditor (173)
[2025.03.17-08.28.34:977][136]LogModuleManager: Shutting down and abandoning module AndroidDeviceDetection (172)
[2025.03.17-08.28.35:528][136]LogModuleManager: Shutting down and abandoning module AndroidPlatformEditor (171)
[2025.03.17-08.28.35:528][136]LogModuleManager: Shutting down and abandoning module IOSRuntimeSettings (170)
[2025.03.17-08.28.35:528][136]LogModuleManager: Shutting down and abandoning module AndroidRuntimeSettings (169)
[2025.03.17-08.28.35:528][136]LogModuleManager: Shutting down and abandoning module MergeActors (168)
[2025.03.17-08.28.35:528][136]LogModuleManager: Shutting down and abandoning module SizeMap (167)
[2025.03.17-08.28.35:528][136]LogModuleManager: Shutting down and abandoning module TreeMap (166)
[2025.03.17-08.28.35:528][136]LogModuleManager: Shutting down and abandoning module ReferenceViewer (165)
[2025.03.17-08.28.35:528][136]LogModuleManager: Shutting down and abandoning module LocalizationService (164)
[2025.03.17-08.28.35:528][136]LogModuleManager: Shutting down and abandoning module LocalizationDashboard (163)
[2025.03.17-08.28.35:528][136]LogModuleManager: Shutting down and abandoning module HardwareTargeting (162)
[2025.03.17-08.28.35:528][136]LogModuleManager: Shutting down and abandoning module DeviceProfileEditor (161)
[2025.03.17-08.28.35:528][136]LogModuleManager: Shutting down and abandoning module UndoHistory (160)
[2025.03.17-08.28.35:528][136]LogModuleManager: Shutting down and abandoning module GameplayTagsEditor (159)
[2025.03.17-08.28.35:528][136]LogModuleManager: Shutting down and abandoning module UserFeedback (158)
[2025.03.17-08.28.35:528][136]LogModuleManager: Shutting down and abandoning module XmlParser (157)
[2025.03.17-08.28.35:528][136]LogModuleManager: Shutting down and abandoning module Blutility (156)
[2025.03.17-08.28.35:528][136]LogModuleManager: Shutting down and abandoning module ProjectTargetPlatformEditor (155)
[2025.03.17-08.28.35:528][136]LogModuleManager: Shutting down and abandoning module ProjectSettingsViewer (154)
[2025.03.17-08.28.35:528][136]LogModuleManager: Shutting down and abandoning module InputBindingEditor (153)
[2025.03.17-08.28.35:528][136]LogModuleManager: Shutting down and abandoning module EditorSettingsViewer (152)
[2025.03.17-08.28.35:528][136]LogModuleManager: Shutting down and abandoning module SettingsEditor (151)
[2025.03.17-08.28.35:528][136]LogModuleManager: Shutting down and abandoning module ProjectLauncher (150)
[2025.03.17-08.28.35:528][136]LogModuleManager: Shutting down and abandoning module SessionFrontend (149)
[2025.03.17-08.28.35:528][136]LogModuleManager: Shutting down and abandoning module ProfilerClient (148)
[2025.03.17-08.28.35:528][136]LogModuleManager: Shutting down and abandoning module TargetDeviceServices (147)
[2025.03.17-08.28.35:528][136]LogModuleManager: Shutting down and abandoning module DeviceManager (146)
[2025.03.17-08.28.35:528][136]LogModuleManager: Shutting down and abandoning module AutomationController (145)
[2025.03.17-08.28.35:528][136]LogModuleManager: Shutting down and abandoning module AutomationWindow (144)
[2025.03.17-08.28.35:528][136]LogModuleManager: Shutting down and abandoning module Layers (143)
[2025.03.17-08.28.35:528][136]LogModuleManager: Shutting down and abandoning module ComponentVisualizers (142)
[2025.03.17-08.28.35:528][136]LogModuleManager: Shutting down and abandoning module DetailCustomizations (141)
[2025.03.17-08.28.35:528][136]LogModuleManager: Shutting down and abandoning module PackagesDialog (140)
[2025.03.17-08.28.35:528][136]LogModuleManager: Shutting down and abandoning module Persona (139)
[2025.03.17-08.28.35:528][136]LogModuleManager: Shutting down and abandoning module Kismet (138)
[2025.03.17-08.28.35:528][136]LogModuleManager: Shutting down and abandoning module GraphEditor (137)
[2025.03.17-08.28.35:528][136]LogModuleManager: Shutting down and abandoning module ClassViewer (136)
[2025.03.17-08.28.35:529][136]LogModuleManager: Shutting down and abandoning module Toolbox (135)
[2025.03.17-08.28.35:529][136]LogModuleManager: Shutting down and abandoning module ModuleUI (134)
[2025.03.17-08.28.35:529][136]LogModuleManager: Shutting down and abandoning module MovieSceneTools (133)
[2025.03.17-08.28.35:529][136]LogModuleManager: Shutting down and abandoning module OutputLog (132)
[2025.03.17-08.28.35:529][136]LogModuleManager: Shutting down and abandoning module GammaUI (131)
[2025.03.17-08.28.35:529][136]LogModuleManager: Shutting down and abandoning module Documentation (130)
[2025.03.17-08.28.35:529][136]LogModuleManager: Shutting down and abandoning module GameLiveStreaming (129)
[2025.03.17-08.28.35:529][136]LogModuleManager: Shutting down and abandoning module StreamingPauseRendering (128)
[2025.03.17-08.28.35:529][136]LogModuleManager: Shutting down and abandoning module AnalyticsET (127)
[2025.03.17-08.28.35:529][136]LogModuleManager: Shutting down and abandoning module Analytics (126)
[2025.03.17-08.28.35:529][136]LogModuleManager: Shutting down and abandoning module AITestSuite (125)
[2025.03.17-08.28.35:529][136]LogModuleManager: Shutting down and abandoning module GameplayDebugger (124)
[2025.03.17-08.28.35:529][136]LogModuleManager: Shutting down and abandoning module AIModule (123)
[2025.03.17-08.28.35:529][136]LogModuleManager: Shutting down and abandoning module ProfilerService (122)
[2025.03.17-08.28.35:608][136]LogModuleManager: Shutting down and abandoning module TaskGraph (121)
[2025.03.17-08.28.35:608][136]LogModuleManager: Shutting down and abandoning module SlateRemote (120)
[2025.03.17-08.28.35:608][136]LogModuleManager: Shutting down and abandoning module SteamVRController (119)
[2025.03.17-08.28.35:608][136]LogModuleManager: Shutting down and abandoning module SteamVR (118)
[2025.03.17-08.28.35:608][136]LogModuleManager: Shutting down and abandoning module ProceduralMeshComponent (117)
[2025.03.17-08.28.35:608][136]LogModuleManager: Shutting down and abandoning module OculusRift (116)
[2025.03.17-08.28.35:608][136]LogModuleManager: Shutting down and abandoning module OculusLibrary (115)
[2025.03.17-08.28.35:608][136]LogModuleManager: Shutting down and abandoning module LeapMotionController (114)
[2025.03.17-08.28.35:692][136]LogModuleManager: Shutting down and abandoning module CustomMeshComponent (113)
[2025.03.17-08.28.35:692][136]LogModuleManager: Shutting down and abandoning module CableComponent (112)
[2025.03.17-08.28.35:692][136]LogModuleManager: Shutting down and abandoning module ArchVisCharacter (111)
[2025.03.17-08.28.35:692][136]LogModuleManager: Shutting down and abandoning module MessagingDebugger (110)
[2025.03.17-08.28.35:692][136]LogModuleManager: Shutting down and abandoning module MediaPlayerEditor (109)
[2025.03.17-08.28.35:692][136]LogModuleManager: Shutting down and abandoning module HTML5Networking (108)
[2025.03.17-08.28.35:692][136]LogModuleManager: Shutting down and abandoning module SpeedTreeImporter (107)
[2025.03.17-08.28.35:692][136]LogModuleManager: Shutting down and abandoning module PluginBrowser (106)
[2025.03.17-08.28.35:692][136]LogModuleManager: Shutting down and abandoning module EpicSurvey (105)
[2025.03.17-08.28.35:692][136]LogModuleManager: Shutting down and abandoning module DesktopPlatform (104)
[2025.03.17-08.28.35:692][136]LogModuleManager: Shutting down and abandoning module VisualStudioSourceCodeAccess (103)
[2025.03.17-08.28.35:692][136]LogModuleManager: Shutting down and abandoning module UObjectPlugin (102)
[2025.03.17-08.28.35:692][136]LogModuleManager: Shutting down and abandoning module SubversionSourceControl (101)
[2025.03.17-08.28.35:692][136]LogModuleManager: Shutting down and abandoning module PerforceSourceControl (100)
[2025.03.17-08.28.35:692][136]LogModuleManager: Shutting down and abandoning module SourceControl (99)
[2025.03.17-08.28.35:692][136]LogModuleManager: Shutting down and abandoning module GitSourceControl (98)
[2025.03.17-08.28.35:692][136]LogModuleManager: Shutting down and abandoning module LightPropagationVolumeEditor (97)
[2025.03.17-08.28.35:693][136]LogModuleManager: Shutting down and abandoning module PaperTiledImporter (96)
[2025.03.17-08.28.35:693][136]LogModuleManager: Shutting down and abandoning module PaperSpriteSheetImporter (95)
[2025.03.17-08.28.35:693][136]LogModuleManager: Shutting down and abandoning module MeshPaint (94)
[2025.03.17-08.28.35:693][136]LogModuleManager: Shutting down and abandoning module SlateReflector (93)
[2025.03.17-08.28.35:693][136]LogModuleManager: Shutting down and abandoning module HotReload (92)
[2025.03.17-08.28.35:693][136]LogModuleManager: Shutting down and abandoning module MainFrame (91)
[2025.03.17-08.28.35:693][136]LogModuleManager: Shutting down and abandoning module LevelEditor (90)
[2025.03.17-08.28.35:693][136]LogModuleManager: Shutting down and abandoning module DirectoryWatcher (89)
[2025.03.17-08.28.35:694][136]LogModuleManager: Shutting down and abandoning module AssetRegistry (88)
[2025.03.17-08.28.35:731][136]LogModuleManager: Shutting down and abandoning module ContentBrowser (87)
[2025.03.17-08.28.35:731][136]LogModuleManager: Shutting down and abandoning module Paper2DEditor (86)
[2025.03.17-08.28.35:731][136]LogModuleManager: Shutting down and abandoning module UdpMessaging (85)
[2025.03.17-08.28.35:832][136]LogModuleManager: Shutting down and abandoning module LightPropagationVolumeRuntime (84)
[2025.03.17-08.28.35:832][136]LogModuleManager: Shutting down and abandoning module Paper2D (83)
[2025.03.17-08.28.35:832][136]LogModuleManager: Shutting down and abandoning module WindowsMoviePlayer (82)
[2025.03.17-08.28.35:833][136]LogModuleManager: Shutting down and abandoning module Media (81)
[2025.03.17-08.28.35:833][136]LogModuleManager: Shutting down and abandoning module WmfMedia (80)
[2025.03.17-08.28.35:834][136]LogModuleManager: Shutting down and abandoning module OnlineBlueprintSupport (79)
[2025.03.17-08.28.35:834][136]LogModuleManager: Shutting down and abandoning module GameplayTasksEditor (78)
[2025.03.17-08.28.35:834][136]LogModuleManager: Shutting down and abandoning module PropertyEditor (77)
[2025.03.17-08.28.35:834][136]LogModuleManager: Shutting down and abandoning module BehaviorTreeEditor (76)
[2025.03.17-08.28.35:834][136]LogModuleManager: Shutting down and abandoning module FunctionalTesting (75)
[2025.03.17-08.28.35:834][136]LogModuleManager: Shutting down and abandoning module CollisionAnalyzer (74)
[2025.03.17-08.28.35:835][136]LogModuleManager: Shutting down and abandoning module WorkspaceMenuStructure (73)
[2025.03.17-08.28.35:835][136]LogModuleManager: Shutting down and abandoning module MessageLog (72)
[2025.03.17-08.28.35:835][136]LogModuleManager: Shutting down and abandoning module Sequencer (71)
[2025.03.17-08.28.35:835][136]LogModuleManager: Shutting down and abandoning module AssetTools (70)
[2025.03.17-08.28.35:835][136]LogModuleManager: Shutting down and abandoning module UMGEditor (69)
[2025.03.17-08.28.35:835][136]LogModuleManager: Shutting down and abandoning module UMG (68)
[2025.03.17-08.28.35:835][136]LogModuleManager: Shutting down and abandoning module Slate (67)
[2025.03.17-08.28.35:835][136]LogModuleManager: Shutting down and abandoning module EditorStyle (66)
[2025.03.17-08.28.35:836][136]LogModuleManager: Shutting down and abandoning module SessionServices (65)
[2025.03.17-08.28.35:836][136]LogModuleManager: Shutting down and abandoning module SourceCodeAccess (64)
[2025.03.17-08.28.35:836][136]LogModuleManager: Shutting down and abandoning module HeadMountedDisplay (63)
[2025.03.17-08.28.35:836][136]LogModuleManager: Shutting down and abandoning module XAudio2 (62)
[2025.03.17-08.28.35:836][136]LogModuleManager: Shutting down and abandoning module Networking (60)
[2025.03.17-08.28.35:836][136]LogModuleManager: Shutting down and abandoning module Core (59)
[2025.03.17-08.28.35:836][136]LogModuleManager: Shutting down and abandoning module KismetCompiler (58)
[2025.03.17-08.28.35:836][136]LogModuleManager: Shutting down and abandoning module PhysXFormats (57)
[2025.03.17-08.28.35:836][136]LogModuleManager: Shutting down and abandoning module MeshUtilities (56)
[2025.03.17-08.28.35:836][136]LogModuleManager: Shutting down and abandoning module CookingStats (55)
[2025.03.17-08.28.35:837][136]LogModuleManager: Shutting down and abandoning module DerivedDataCache (54)
[2025.03.17-08.28.35:929][136]LogDerivedDataCache: Shutdown
[2025.03.17-08.28.35:929][136]LogModuleManager: Shutting down and abandoning module ShaderFormatOpenGL (53)
[2025.03.17-08.28.35:929][136]LogModuleManager: Shutting down and abandoning module ShaderFormatD3D (52)
[2025.03.17-08.28.35:929][136]LogModuleManager: Shutting down and abandoning module MetalShaderFormat (51)
[2025.03.17-08.28.35:929][136]LogModuleManager: Shutting down and abandoning module TextureFormatUncompressed (50)
[2025.03.17-08.28.35:929][136]LogModuleManager: Shutting down and abandoning module TextureFormatPVR (49)
[2025.03.17-08.28.35:929][136]LogModuleManager: Shutting down and abandoning module TextureFormatIntelISPCTexComp (48)
[2025.03.17-08.28.35:929][136]LogModuleManager: Shutting down and abandoning module TextureFormatDXT (47)
[2025.03.17-08.28.35:929][136]LogModuleManager: Shutting down and abandoning module ImageWrapper (46)
[2025.03.17-08.28.35:929][136]LogModuleManager: Shutting down and abandoning module TextureFormatASTC (45)
[2025.03.17-08.28.35:929][136]LogModuleManager: Shutting down and abandoning module TextureFormatAndroid (44)
[2025.03.17-08.28.35:929][136]LogModuleManager: Shutting down and abandoning module AudioFormatOpus (43)
[2025.03.17-08.28.35:930][136]LogModuleManager: Shutting down and abandoning module AudioFormatOgg (42)
[2025.03.17-08.28.35:930][136]LogModuleManager: Shutting down and abandoning module AudioFormatADPCM (41)
[2025.03.17-08.28.35:930][136]LogModuleManager: Shutting down and abandoning module LinuxTargetPlatform (40)
[2025.03.17-08.28.35:930][136]LogModuleManager: Shutting down and abandoning module LinuxServerTargetPlatform (39)
[2025.03.17-08.28.35:930][136]LogModuleManager: Shutting down and abandoning module LinuxNoEditorTargetPlatform (38)
[2025.03.17-08.28.35:930][136]LogModuleManager: Shutting down and abandoning module Messaging (37)
[2025.03.17-08.28.35:930][136]LogModuleManager: Shutting down and abandoning module IOSTargetPlatform (36)
[2025.03.17-08.28.35:930][136]LogModuleManager: Shutting down and abandoning module HTML5TargetPlatform (35)
[2025.03.17-08.28.35:930][136]LogModuleManager: Shutting down and abandoning module Android_PVRTCTargetPlatform (34)
[2025.03.17-08.28.35:930][136]LogModuleManager: Shutting down and abandoning module Android_ETC2TargetPlatform (33)
[2025.03.17-08.28.35:930][136]LogModuleManager: Shutting down and abandoning module Android_ETC1TargetPlatform (32)
[2025.03.17-08.28.35:930][136]LogModuleManager: Shutting down and abandoning module Android_DXTTargetPlatform (31)
[2025.03.17-08.28.35:930][136]LogModuleManager: Shutting down and abandoning module Android_ATCTargetPlatform (30)
[2025.03.17-08.28.35:930][136]LogModuleManager: Shutting down and abandoning module Android_ASTCTargetPlatform (29)
[2025.03.17-08.28.35:930][136]LogModuleManager: Shutting down and abandoning module AndroidTargetPlatform (28)
[2025.03.17-08.28.35:930][136]LogModuleManager: Shutting down and abandoning module WindowsTargetPlatform (27)
[2025.03.17-08.28.35:930][136]LogModuleManager: Shutting down and abandoning module WindowsServerTargetPlatform (26)
[2025.03.17-08.28.35:930][136]LogModuleManager: Shutting down and abandoning module WindowsNoEditorTargetPlatform (25)
[2025.03.17-08.28.35:930][136]LogModuleManager: Shutting down and abandoning module WindowsClientTargetPlatform (24)
[2025.03.17-08.28.35:930][136]LogModuleManager: Shutting down and abandoning module AllDesktopTargetPlatform (23)
[2025.03.17-08.28.35:930][136]LogModuleManager: Shutting down and abandoning module TargetPlatform (22)
[2025.03.17-08.28.35:930][136]LogModuleManager: Shutting down and abandoning module InputCore (21)
[2025.03.17-08.28.35:930][136]LogModuleManager: Shutting down and abandoning module Settings (20)
[2025.03.17-08.28.35:930][136]LogModuleManager: Shutting down and abandoning module OnlineSubsystem (18)
[2025.03.17-08.28.35:930][136]LogModuleManager: Shutting down and abandoning module HTTP (17)
[2025.03.17-08.28.36:931][136]LogModuleManager: Shutting down and abandoning module XMPP (16)
[2025.03.17-08.28.36:931][136]LogModuleManager: Shutting down and abandoning module ExampleDeviceProfileSelector (15)
[2025.03.17-08.28.36:931][136]LogModuleManager: Shutting down and abandoning module TextureCompressor (14)
[2025.03.17-08.28.36:931][136]LogModuleManager: Shutting down and abandoning module ShaderCore (13)
[2025.03.17-08.28.36:931][136]LogModuleManager: Shutting down and abandoning module Landscape (12)
[2025.03.17-08.28.36:931][136]LogModuleManager: Shutting down and abandoning module SlateRHIRenderer (11)
[2025.03.17-08.28.36:933][136]LogModuleManager: Shutting down and abandoning module OpenGLDrv (10)
[2025.03.17-08.28.36:933][136]LogModuleManager: Shutting down and abandoning module D3D11RHI (9)
[2025.03.17-08.28.36:933][136]LogModuleManager: Shutting down and abandoning module AnimGraphRuntime (8)
[2025.03.17-08.28.36:933][136]LogModuleManager: Shutting down and abandoning module Renderer (7)
[2025.03.17-08.28.36:933][136]LogModuleManager: Shutting down and abandoning module Engine (6)
[2025.03.17-08.28.36:933][136]LogModuleManager: Shutting down and abandoning module CoreUObject (5)
[2025.03.17-08.28.36:933][136]LogModuleManager: Shutting down and abandoning module NetworkFile (4)
[2025.03.17-08.28.36:933][136]LogModuleManager: Shutting down and abandoning module StreamingFile (3)
[2025.03.17-08.28.36:933][136]LogModuleManager: Shutting down and abandoning module SandboxFile (2)
[2025.03.17-08.28.36:933][136]LogModuleManager: Shutting down and abandoning module PakFile (1)
[2025.03.17-08.28.36:933][136]LogExit: Exiting.
[2025.03.17-08.28.36:938][136]Log file closed, 03/17/25 03:28:36
